2021-02-24 23:19:21,474 - root - INFO - --------------Test003-Navigation-started-------------------
2021-02-24 23:20:56,267 - root - INFO - --------------Test003-Navigation-started-------------------
2021-02-24 23:22:23,693 - root - INFO - --------------Test003-Navigation-started-------------------
2021-02-24 23:30:36,050 - root - INFO - --------------Test003-Navigation-started-------------------
2021-02-24 23:31:21,307 - root - INFO - --------------Test002-Login-End-------------------
2021-02-24 23:54:30,799 - root - INFO - --------------Test003-Navigation-started-------------------
2021-02-24 23:55:22,740 - root - INFO - --------------Test003-Navigation-started-------------------
2021-02-24 23:55:47,182 - root - INFO - --------------Test003-End-------------------
2021-02-24 23:58:12,962 - root - INFO - --------------Test003-Navigation-started-------------------
2021-02-25 00:01:13,654 - root - INFO - --------------Test003-Navigation-started-------------------
2021-02-25 00:01:39,065 - root - INFO - --------------Test003-End-------------------
2021-02-25 10:07:50,465 - root - INFO - --------------Test002-Login-started-------------------
2021-02-25 10:07:55,369 - root - INFO - --------------Test002-Login-End-------------------
2021-02-25 10:07:58,248 - root - INFO - --------------Test003-Navigation-started-------------------
2021-02-25 10:08:42,519 - root - INFO - --------------Test003-End-------------------
2021-02-25 10:08:45,119 - root - INFO - --------------Test003-Navigation-started-------------------
2021-02-25 10:09:08,409 - root - INFO - --------------Test003-End-------------------
2021-02-25 10:09:11,095 - root - INFO - --------------Test003-Navigation-started-------------------
2021-02-25 10:09:36,558 - root - INFO - --------------Test003-End-------------------
2021-02-25 11:26:48,550 - root - INFO - --------------Test001-homepage-title-------------------
2021-02-25 11:26:48,603 - root - INFO - --------------Test001-homepage-title-------------------
2021-02-25 11:26:51,179 - root - INFO - --------------Test002-Login-started-------------------
2021-02-25 11:26:56,537 - root - INFO - --------------Test002-Login-End-------------------
2021-02-25 11:27:08,613 - root - INFO - --------------Test002-Login-started-------------------
2021-02-25 11:27:18,039 - root - INFO - --------------Test002-Login-End-------------------
2021-02-25 15:08:03,634 - root - INFO - --------------Test001-homepage-title-------------------
2021-02-25 15:08:03,681 - root - INFO - --------------Test001-homepage-title-------------------
2021-02-25 15:08:06,352 - root - INFO - --------------Test002-Login-started-------------------
2021-02-25 15:08:14,109 - root - INFO - --------------Test002-Login-End-------------------
2021-02-25 15:13:05,893 - root - INFO - --------------Test003-Navigation-started-------------------
2021-02-25 15:16:12,208 - root - INFO - --------------Test003-Navigation-started-------------------
2021-02-25 15:16:35,448 - root - INFO - --------------Test003-End-------------------
